<?xml version="1.0" encoding="UTF-8"?>
<beans xmlns="http://www.springframework.org/schema/beans"
   xmlns:xsi="http://www.w3.org/2001/XMLSchema-instance"
   xmlns:context="http://www.springframework.org/schema/context"
   xmlns:task="http://www.springframework.org/schema/task"
   xmlns:util="http://www.springframework.org/schema/util"
   xsi:schemaLocation="
       http://www.springframework.org/schema/beans http://www.springframework.org/schema/beans/spring-beans.xsd
       http://www.springframework.org/schema/context http://www.springframework.org/schema/context/spring-context.xsd
       http://www.springframework.org/schema/task http://www.springframework.org/schema/task/spring-task.xsd
       http://www.springframework.org/schema/util http://www.springframework.org/schema/util/spring-util.xsd
   ">

    <context:property-placeholder
            location="classpath*:/META-INF/spring/*.properties" />

    <bean id="exceptionLogger" class="org.terasoluna.gfw.common.exception.ExceptionLogger" />

    <import resource="classpath:META-INF/spring/myscaffold-domain.xml" />

    <bean id="jdbcTemplate" class="org.springframework.jdbc.core.JdbcTemplate">
        <property name="dataSource" ref="dataSource" />
    </bean>


    <!-- for AccountSharedServiceImpl test -->
    <bean id="upperCaseRule" class="org.passay.CharacterRule">
        <constructor-arg name="data">
            <util:constant static-field="org.passay.EnglishCharacterData.UpperCase" />
        </constructor-arg>
        <constructor-arg name="num" value="1" />
    </bean>

    <bean id="passwordGenerator" class="org.passay.PasswordGenerator" />
    <util:list id="passwordGenerationRules">
        <ref bean="upperCaseRule" />
    </util:list>
    <bean id="passwordEncoder" class="org.springframework.security.crypto.password.DelegatingPasswordEncoder">
        <constructor-arg name="idForEncode" value="pbkdf2" />
        <constructor-arg name="idToPasswordEncoder">
            <map>
                <entry key="pbkdf2">
                    <bean class="org.springframework.security.crypto.password.Pbkdf2PasswordEncoder" />
                </entry>
                <entry key="bcrypt">
                    <bean class="org.springframework.security.crypto.bcrypt.BCryptPasswordEncoder" />
                </entry>
                <!-- When using SCryptPasswordEncoder, you need to add bcprov-jdk15on.jar to the dependency.
                <entry key="scrypt">
                    <bean class="org.springframework.security.crypto.scrypt.SCryptPasswordEncoder" />
                </entry>
                -->
            </map>
        </constructor-arg>
    </bean>
    <bean id="beanMapper" class="com.github.dozermapper.spring.DozerBeanMapperFactoryBean">
        <property name="mappingFiles"
                  value="classpath*:/META-INF/dozer/**/*-mapping.xml" />
    </bean>
    <!-- passwordReissueMailSharedServiceImpl Test -->
    <bean id="mailSender" class="org.springframework.mail.javamail.JavaMailSenderImpl">
        <property name="host" value="localhost" />
        <property name="port" value="3025" />
    </bean>

    <bean id="passwordReissueMessage" class="org.springframework.mail.SimpleMailMessage">
        <property name="from" value="test-from@stnet.co.jp" />
        <property name="subject" value="test-subject" />
    </bean>

</beans>
